<testsuites id="" name="" tests="1" failures="0" skipped="0" errors="0" time="6.829007999999915">
<testsuite name="account.negative.api.spec.ts" timestamp="2026-09-10T14:10:01.164Z" hostname="api" tests="1" failures="0" skipped="0" time="4.578" errors="0">
<testcase name="ACCOUNT API: negative cases › test6 - DELETE USER: returns 401 for an existing user without a valid token" classname="account.negative.api.spec.ts" time="4.578">
<system-out>
<![CDATA[[TEST6] DELETE /Account/v1/User/{UUID} response status: 401
]]>
</system-out>
</testcase>
</testsuite>
</testsuites>