<testsuites id="" name="" tests="1" failures="0" skipped="0" errors="0" time="9.217797999999952">
<testsuite name="bookStore.negative.api.spec.ts" timestamp="2026-09-10T14:05:24.072Z" hostname="api" tests="1" failures="0" skipped="0" time="5.652" errors="0">
<testcase name="BOOK STORE API: negative cases › test5 - DELETE BOOKS: returns 401 without a valid token" classname="bookStore.negative.api.spec.ts" time="5.652">
<system-out>
<![CDATA[[TEST5] DELETE /BookStore/v1/Books response status: 401
[TEST5] DELETE /BookStore/v1/Books response body: {"code":"1200","message":"User not authorized!"} 401
[TEST5] DELETE /Account/v1/User response status:  204
]]>
</system-out>
</testcase>
</testsuite>
</testsuites>