<testsuites id="" name="" tests="1" failures="0" skipped="0" errors="0" time="17.2254299999997">
<testsuite name="checkBoxes.spec.ts" timestamp="2026-08-14T20:04:48.499Z" hostname="chrome" tests="1" failures="0" skipped="0" time="6.446" errors="0">
<testcase name="CHECKBOX: Hierarchical tree selection with parent-child relationships › test13 - TREE: recursively collect branches and node information" classname="checkBoxes.spec.ts" time="6.446">
<system-out>
<![CDATA[[SETUP] Starting browser context for checkbox tests
[SETUP] Navigating to Checkbox page
[CHECKBOX] Navigating to checkbox page
[CHECKBOX] Checkbox page loaded successfully
[SETUP] Checkbox page initialized and ready
[TEST13] Recursively validating tree branches and node information
[CHECKBOX] Expanding all tree nodes
[CHECKBOX] Found 1 collapsed nodes, expanding...
[CHECKBOX] Found 3 collapsed nodes, expanding...
[CHECKBOX] Found 2 collapsed nodes, expanding...
[CHECKBOX] Found 3 collapsed nodes, expanding...
[CHECKBOX] Found 2 collapsed nodes, expanding...
[CHECKBOX] Found 1 collapsed nodes, expanding...
[CHECKBOX] All nodes expanded
[TEST13] Collecting the complete tree hierarchy
[CHECKBOX] Recursively retrieving tree hierarchy
[CHECKBOX] Recursively found 1 root nodes
[TEST13] Validating every expected branch recursively
[TEST13] ✓ Recursive tree traversal completed successfully
[TEARDOWN] Closing browser context
]]>
</system-out>
</testcase>
</testsuite>
</testsuites>