<testsuites id="" name="" tests="13" failures="0" skipped="0" errors="0" time="56.19740300000086">
<testsuite name="checkBoxes.spec.ts" timestamp="2026-08-14T20:15:15.238Z" hostname="chrome" tests="13" failures="0" skipped="0" time="44.431" errors="0">
<testcase name="CHECKBOX: Hierarchical tree selection with parent-child relationships › test1 - TREE STRUCTURE: expand all nodes and display complete hierarchy" classname="checkBoxes.spec.ts" time="3.331">
<system-out>
<![CDATA[[SETUP] Starting browser context for checkbox tests
[SETUP] Navigating to Checkbox page
[CHECKBOX] Navigating to checkbox page
[CHECKBOX] Checkbox page loaded successfully
[SETUP] Checkbox page initialized and ready
[TEST1] Verifying tree can expand and show all nodes
[CHECKBOX] Retrieving tree structure
[CHECKBOX] Found 1 tree items
[TEST1] Initial visible nodes: 1
[TEST1] Expanding all nodes
[CHECKBOX] Expanding all tree nodes
[CHECKBOX] Found 1 collapsed nodes, expanding...
[CHECKBOX] Found 3 collapsed nodes, expanding...
[CHECKBOX] Found 2 collapsed nodes, expanding...
[CHECKBOX] Found 3 collapsed nodes, expanding...
[CHECKBOX] Found 2 collapsed nodes, expanding...
[CHECKBOX] Found 1 collapsed nodes, expanding...
[CHECKBOX] All nodes expanded
[CHECKBOX] Retrieving tree structure
[CHECKBOX] Found 17 tree items
[TEST1] After expansion: 17 nodes visible
[TEST1] Nodes: Home, Desktop, Notes, Commands, Documents, WorkSpace, React, Angular, Veu, Office, Public, Private, Classified, General, Downloads, Word File.doc, Excel File.doc
[TEST1] ✓ Tree structure expanded successfully
]]>
</system-out>
</testcase>
<testcase name="CHECKBOX: Hierarchical tree selection with parent-child relationships › test2 - TREE STRUCTURE: collapse all nodes" classname="checkBoxes.spec.ts" time="1.233">
<system-out>
<![CDATA[[TEST2] Verifying tree can collapse all nodes
[CHECKBOX] Expanding all tree nodes
[CHECKBOX] All nodes expanded
[CHECKBOX] Retrieving tree structure
[CHECKBOX] Found 17 tree items
[TEST2] After expansion: 6 nodes expanded
[TEST2] Collapsing all nodes
[CHECKBOX] Collapsing all tree nodes
[CHECKBOX] Found 6 expanded nodes, collapsing...
[CHECKBOX] All nodes collapsed
[CHECKBOX] Retrieving tree structure
[CHECKBOX] Found 1 tree items
[TEST2] After collapse: 0 nodes expanded
[TEST2] ✓ All nodes collapsed successfully
]]>
</system-out>
</testcase>
<testcase name="CHECKBOX: Hierarchical tree selection with parent-child relationships › test3 - CHECKBOX: check individual nodes independently" classname="checkBoxes.spec.ts" time="1.569">
<system-out>
<![CDATA[[TEST3] Verifying individual checkbox selection
[CHECKBOX] Expanding all tree nodes
[CHECKBOX] Found 1 collapsed nodes, expanding...
[CHECKBOX] All nodes expanded
[TEST3] Checking node "Desktop"
[CHECKBOX] Checking node "Desktop"
[CHECKBOX] Checking if node "Desktop" is checked
[CHECKBOX] Node "Desktop" is unchecked
[CHECKBOX] Node "Desktop" checked
[TEST3] Checking node "Notes"
[CHECKBOX] Checking node "Notes"
[CHECKBOX] Checking if node "Notes" is checked
[CHECKBOX] Node "Notes" is checked
[CHECKBOX] Node "Notes" is already checked
[TEST3] Checking node "Commands"
[CHECKBOX] Checking node "Commands"
[CHECKBOX] Checking if node "Commands" is checked
[CHECKBOX] Node "Commands" is checked
[CHECKBOX] Node "Commands" is already checked
[CHECKBOX] Checking if node "Desktop" is checked
[CHECKBOX] Node "Desktop" is checked
[TEST3] Verification: "Desktop" is checked
[CHECKBOX] Checking if node "Notes" is checked
[CHECKBOX] Node "Notes" is checked
[TEST3] Verification: "Notes" is checked
[CHECKBOX] Checking if node "Commands" is checked
[CHECKBOX] Node "Commands" is checked
[TEST3] Verification: "Commands" is checked
[CHECKBOX] Getting list of checked nodes
[CHECKBOX] 3 nodes are checked: Desktop, Notes, Commands
[TEST3] Total checked nodes: 3
[TEST3] ✓ Individual nodes selected successfully
]]>
</system-out>
</testcase>
<testcase name="CHECKBOX: Hierarchical tree selection with parent-child relationships › test4 - CHECKBOX: uncheck individual nodes" classname="checkBoxes.spec.ts" time="2.617">
<system-out>
<![CDATA[[TEST4] Verifying individual checkbox deselection
[CHECKBOX] Expanding all tree nodes
[CHECKBOX] All nodes expanded
[CHECKBOX] Clearing all selections
[CHECKBOX] Getting list of checked nodes
[CHECKBOX] 3 nodes are checked: Desktop, Notes, Commands
[CHECKBOX] Unchecking node "Desktop"
[CHECKBOX] Checking if node "Desktop" is checked
[CHECKBOX] Node "Desktop" is checked
[CHECKBOX] Node "Desktop" unchecked
[CHECKBOX] Unchecking node "Notes"
[CHECKBOX] Checking if node "Notes" is checked
[CHECKBOX] Node "Notes" is unchecked
[CHECKBOX] Node "Notes" is already unchecked
[CHECKBOX] Unchecking node "Commands"
[CHECKBOX] Checking if node "Commands" is checked
[CHECKBOX] Node "Commands" is unchecked
[CHECKBOX] Node "Commands" is already unchecked
[CHECKBOX] All selections cleared
[TEST4] Checking node "Desktop"
[CHECKBOX] Checking node "Desktop"
[CHECKBOX] Checking if node "Desktop" is checked
[CHECKBOX] Node "Desktop" is unchecked
[CHECKBOX] Node "Desktop" checked
[TEST4] Checking node "Public"
[CHECKBOX] Checking node "Public"
[CHECKBOX] Checking if node "Public" is checked
[CHECKBOX] Node "Public" is unchecked
[CHECKBOX] Node "Public" checked
[TEST4] Unchecking "Desktop"
[CHECKBOX] Unchecking node "Desktop"
[CHECKBOX] Checking if node "Desktop" is checked
[CHECKBOX] Node "Desktop" is checked
[CHECKBOX] Node "Desktop" unchecked
[CHECKBOX] Checking if node "Desktop" is checked
[CHECKBOX] Node "Desktop" is unchecked
[CHECKBOX] Checking if node "Public" is checked
[CHECKBOX] Node "Public" is checked
[TEST4] After unchecking Desktop: Desktop=false, Public=true
[TEST4] ✓ Individual nodes deselected successfully
]]>
</system-out>
</testcase>
<testcase name="CHECKBOX: Hierarchical tree selection with parent-child relationships › test5 - CHECKBOX: toggle individual nodes" classname="checkBoxes.spec.ts" time="1.574">
<system-out>
<![CDATA[[TEST5] Verifying checkbox toggle functionality
[CHECKBOX] Expanding all tree nodes
[CHECKBOX] All nodes expanded
[CHECKBOX] Checking if node "Desktop" is checked
[CHECKBOX] Node "Desktop" is unchecked
[TEST5] Initial state of "Desktop": unchecked
[TEST5] Toggling "Desktop" (should check)
[CHECKBOX] Toggling node "Desktop"
[CHECKBOX] Checking if node "Desktop" is checked
[CHECKBOX] Node "Desktop" is unchecked
[CHECKBOX] Checking node "Desktop"
[CHECKBOX] Checking if node "Desktop" is checked
[CHECKBOX] Node "Desktop" is unchecked
[CHECKBOX] Node "Desktop" checked
[CHECKBOX] Checking if node "Desktop" is checked
[CHECKBOX] Node "Desktop" is checked
[TEST5] After first toggle: checked
[TEST5] Toggling "Desktop" (should uncheck)
[CHECKBOX] Toggling node "Desktop"
[CHECKBOX] Checking if node "Desktop" is checked
[CHECKBOX] Node "Desktop" is checked
[CHECKBOX] Unchecking node "Desktop"
[CHECKBOX] Checking if node "Desktop" is checked
[CHECKBOX] Node "Desktop" is checked
[CHECKBOX] Node "Desktop" unchecked
[CHECKBOX] Checking if node "Desktop" is checked
[CHECKBOX] Node "Desktop" is unchecked
[TEST5] After second toggle: unchecked
[TEST5] ✓ Toggle functionality works correctly
]]>
</system-out>
</testcase>
<testcase name="CHECKBOX: Hierarchical tree selection with parent-child relationships › test6 - HIERARCHY: selecting parent should check all its children" classname="checkBoxes.spec.ts" time="2.335">
<system-out>
<![CDATA[[TEST6] Verifying parent selection checks all children
[CHECKBOX] Expanding all tree nodes
[CHECKBOX] All nodes expanded
[CHECKBOX] Retrieving tree structure
[CHECKBOX] Found 17 tree items
[TEST6] Current tree has 17 nodes
[TEST6] Selecting parent "Documents"
[CHECKBOX] Checking node "Documents"
[CHECKBOX] Checking if node "Documents" is checked
[CHECKBOX] Node "Documents" is unchecked
[CHECKBOX] Node "Documents" checked
[CHECKBOX] Checking if node "Documents" is checked
[CHECKBOX] Node "Documents" is checked
[TEST6] Documents checked: true
[CHECKBOX] Getting list of checked nodes
[CHECKBOX] 10 nodes are checked: Documents, WorkSpace, React, Angular, Veu, Office, Public, Private, Classified, General
[TEST6] After checking Documents, checked nodes: Documents, WorkSpace, React, Angular, Veu, Office, Public, Private, Classified, General
[TEST6] ✓ Parent selection hierarchy works correctly
]]>
</system-out>
</testcase>
<testcase name="CHECKBOX: Hierarchical tree selection with parent-child relationships › test7 - HIERARCHY: selecting all children should check parent" classname="checkBoxes.spec.ts" time="2.103">
<system-out>
<![CDATA[[TEST7] Verifying child selection checks parent
[CHECKBOX] Expanding all tree nodes
[CHECKBOX] All nodes expanded
[TEST7] Checking all children of Documents: WorkSpace, Office
[CHECKBOX] Checking node "WorkSpace"
[CHECKBOX] Checking if node "WorkSpace" is checked
[CHECKBOX] Node "WorkSpace" is checked
[CHECKBOX] Node "WorkSpace" is already checked
[CHECKBOX] Checking node "Office"
[CHECKBOX] Checking if node "Office" is checked
[CHECKBOX] Node "Office" is checked
[CHECKBOX] Node "Office" is already checked
[CHECKBOX] Checking if node "Documents" is checked
[CHECKBOX] Node "Documents" is checked
[TEST7] After checking all children, parent "Documents" is checked
[TEST7] ✓ Child-to-parent hierarchy works correctly
]]>
</system-out>
</testcase>
<testcase name="CHECKBOX: Hierarchical tree selection with parent-child relationships › test8 - HIERARCHY: unchecking child should uncheck parent" classname="checkBoxes.spec.ts" time="3.304">
<system-out>
<![CDATA[[TEST8] Verifying child deselection unchecks parent
[CHECKBOX] Expanding all tree nodes
[CHECKBOX] All nodes expanded
[TEST8] Checking parent "Documents"
[CHECKBOX] Checking node "Documents"
[CHECKBOX] Checking if node "Documents" is checked
[CHECKBOX] Node "Documents" is checked
[CHECKBOX] Node "Documents" is already checked
[CHECKBOX] Checking if node "Documents" is checked
[CHECKBOX] Node "Documents" is checked
[TEST8] Parent "Documents" is checked
[TEST8] Unchecking child "WorkSpace"
[CHECKBOX] Unchecking node "WorkSpace"
[CHECKBOX] Checking if node "WorkSpace" is checked
[CHECKBOX] Node "WorkSpace" is checked
[CHECKBOX] Node "WorkSpace" unchecked
[CHECKBOX] Checking if node "Documents" is checked
[CHECKBOX] Node "Documents" is unchecked
[TEST8] After unchecking child, parent is unchecked
[TEST8] ✓ Child deselection affects parent correctly
]]>
</system-out>
</testcase>
<testcase name="CHECKBOX: Hierarchical tree selection with parent-child relationships › test9 - MIXED: complex selection scenario with multiple branches" classname="checkBoxes.spec.ts" time="7.941">
<system-out>
<![CDATA[[TEST9] Running complex mixed selection scenario
[CHECKBOX] Expanding all tree nodes
[CHECKBOX] All nodes expanded
[CHECKBOX] Clearing all selections
[CHECKBOX] Getting list of checked nodes
[CHECKBOX] 5 nodes are checked: Office, Public, Private, Classified, General
[CHECKBOX] Unchecking node "Office"
[CHECKBOX] Checking if node "Office" is checked
[CHECKBOX] Node "Office" is checked
[CHECKBOX] Node "Office" unchecked
[CHECKBOX] Unchecking node "Public"
[CHECKBOX] Checking if node "Public" is checked
[CHECKBOX] Node "Public" is unchecked
[CHECKBOX] Node "Public" is already unchecked
[CHECKBOX] Unchecking node "Private"
[CHECKBOX] Checking if node "Private" is checked
[CHECKBOX] Node "Private" is unchecked
[CHECKBOX] Node "Private" is already unchecked
[CHECKBOX] Unchecking node "Classified"
[CHECKBOX] Checking if node "Classified" is checked
[CHECKBOX] Node "Classified" is unchecked
[CHECKBOX] Node "Classified" is already unchecked
[CHECKBOX] Unchecking node "General"
[CHECKBOX] Checking if node "General" is checked
[CHECKBOX] Node "General" is unchecked
[CHECKBOX] Node "General" is already unchecked
[CHECKBOX] All selections cleared
[TEST9] Step 1: verifying clean slate...
[CHECKBOX] Checking if node "Desktop" is checked
[CHECKBOX] Node "Desktop" is unchecked
[TEST9] "Desktop" expected=false, actual=false
[CHECKBOX] Checking if node "Downloads" is checked
[CHECKBOX] Node "Downloads" is unchecked
[TEST9] "Downloads" expected=false, actual=false
[CHECKBOX] Checking if node "Word File.doc" is checked
[CHECKBOX] Node "Word File.doc" is unchecked
[TEST9] "Word File.doc" expected=false, actual=false
[CHECKBOX] Checking if node "Excel File.doc" is checked
[CHECKBOX] Node "Excel File.doc" is unchecked
[TEST9] "Excel File.doc" expected=false, actual=false
[CHECKBOX] Checking if node "WorkSpace" is checked
[CHECKBOX] Node "WorkSpace" is unchecked
[TEST9] "WorkSpace" expected=false, actual=false
[CHECKBOX] Checking if node "Office" is checked
[CHECKBOX] Node "Office" is unchecked
[TEST9] "Office" expected=false, actual=false
[CHECKBOX] Checking if node "General" is checked
[CHECKBOX] Node "General" is unchecked
[TEST9] "General" expected=false, actual=false
[TEST9] Step 2: making selections across independent branches...
[TEST9] Checking "Desktop"
[CHECKBOX] Checking node "Desktop"
[CHECKBOX] Checking if node "Desktop" is checked
[CHECKBOX] Node "Desktop" is unchecked
[CHECKBOX] Node "Desktop" checked
[TEST9] Checking "WorkSpace"
[CHECKBOX] Checking node "WorkSpace"
[CHECKBOX] Checking if node "WorkSpace" is checked
[CHECKBOX] Node "WorkSpace" is unchecked
[CHECKBOX] Node "WorkSpace" checked
[TEST9] Checking "Downloads"
[CHECKBOX] Checking node "Downloads"
[CHECKBOX] Checking if node "Downloads" is checked
[CHECKBOX] Node "Downloads" is unchecked
[CHECKBOX] Node "Downloads" checked
[TEST9] Checking "General"
[CHECKBOX] Checking node "General"
[CHECKBOX] Checking if node "General" is checked
[CHECKBOX] Node "General" is unchecked
[CHECKBOX] Node "General" checked
[TEST9] Step 2: verifying cascade check and branch isolation...
[CHECKBOX] Checking if node "Desktop" is checked
[CHECKBOX] Node "Desktop" is checked
[TEST9] "Desktop" expected=true, actual=true
[CHECKBOX] Checking if node "WorkSpace" is checked
[CHECKBOX] Node "WorkSpace" is checked
[TEST9] "WorkSpace" expected=true, actual=true
[CHECKBOX] Checking if node "General" is checked
[CHECKBOX] Node "General" is checked
[TEST9] "General" expected=true, actual=true
[CHECKBOX] Checking if node "Downloads" is checked
[CHECKBOX] Node "Downloads" is checked
[TEST9] "Downloads" expected=true, actual=true
[CHECKBOX] Checking if node "Word File.doc" is checked
[CHECKBOX] Node "Word File.doc" is checked
[TEST9] "Word File.doc" expected=true, actual=true
[CHECKBOX] Checking if node "Excel File.doc" is checked
[CHECKBOX] Node "Excel File.doc" is checked
[TEST9] "Excel File.doc" expected=true, actual=true
[CHECKBOX] Checking if node "Office" is checked
[CHECKBOX] Node "Office" is unchecked
[TEST9] "Office" expected=false, actual=false
[TEST9] Step 3: unchecking Downloads to validate cascade deselection...
[CHECKBOX] Unchecking node "Downloads"
[CHECKBOX] Checking if node "Downloads" is checked
[CHECKBOX] Node "Downloads" is checked
[CHECKBOX] Node "Downloads" unchecked
[TEST9] Step 3: verifying cascade uncheck and branch isolation...
[CHECKBOX] Checking if node "Desktop" is checked
[CHECKBOX] Node "Desktop" is checked
[TEST9] "Desktop" expected=true, actual=true
[CHECKBOX] Checking if node "WorkSpace" is checked
[CHECKBOX] Node "WorkSpace" is checked
[TEST9] "WorkSpace" expected=true, actual=true
[CHECKBOX] Checking if node "General" is checked
[CHECKBOX] Node "General" is checked
[TEST9] "General" expected=true, actual=true
[CHECKBOX] Checking if node "Downloads" is checked
[CHECKBOX] Node "Downloads" is unchecked
[TEST9] "Downloads" expected=false, actual=false
[CHECKBOX] Checking if node "Word File.doc" is checked
[CHECKBOX] Node "Word File.doc" is unchecked
[TEST9] "Word File.doc" expected=false, actual=false
[CHECKBOX] Checking if node "Excel File.doc" is checked
[CHECKBOX] Node "Excel File.doc" is unchecked
[TEST9] "Excel File.doc" expected=false, actual=false
[CHECKBOX] Checking if node "Office" is checked
[CHECKBOX] Node "Office" is unchecked
[TEST9] "Office" expected=false, actual=false
[TEST9] ✓ Complex selection scenario completed successfully
]]>
</system-out>
</testcase>
<testcase name="CHECKBOX: Hierarchical tree selection with parent-child relationships › test10 - MIXED: clear all selections" classname="checkBoxes.spec.ts" time="6.126">
<system-out>
<![CDATA[[TEST10] Verifying clear all selections functionality
[CHECKBOX] Expanding all tree nodes
[CHECKBOX] All nodes expanded
[TEST10] Checking 4 nodes
[CHECKBOX] Checking node "Desktop"
[CHECKBOX] Checking if node "Desktop" is checked
[CHECKBOX] Node "Desktop" is checked
[CHECKBOX] Node "Desktop" is already checked
[CHECKBOX] Checking node "Documents"
[CHECKBOX] Checking if node "Documents" is checked
[CHECKBOX] Node "Documents" is unchecked
[CHECKBOX] Node "Documents" checked
[CHECKBOX] Checking node "Downloads"
[CHECKBOX] Checking if node "Downloads" is checked
[CHECKBOX] Node "Downloads" is unchecked
[CHECKBOX] Node "Downloads" checked
[CHECKBOX] Checking node "Public"
[CHECKBOX] Checking if node "Public" is checked
[CHECKBOX] Node "Public" is checked
[CHECKBOX] Node "Public" is already checked
[CHECKBOX] Getting list of checked nodes
[CHECKBOX] 17 nodes are checked: Home, Desktop, Notes, Commands, Documents, WorkSpace, React, Angular, Veu, Office, Public, Private, Classified, General, Downloads, Word File.doc, Excel File.doc
[TEST10] Before clear: 17 nodes checked
[TEST10] Clearing all selections
[CHECKBOX] Clearing all selections
[CHECKBOX] Getting list of checked nodes
[CHECKBOX] 17 nodes are checked: Home, Desktop, Notes, Commands, Documents, WorkSpace, React, Angular, Veu, Office, Public, Private, Classified, General, Downloads, Word File.doc, Excel File.doc
[CHECKBOX] Unchecking node "Home"
[CHECKBOX] Checking if node "Home" is checked
[CHECKBOX] Node "Home" is checked
[CHECKBOX] Node "Home" unchecked
[CHECKBOX] Unchecking node "Desktop"
[CHECKBOX] Checking if node "Desktop" is checked
[CHECKBOX] Node "Desktop" is unchecked
[CHECKBOX] Node "Desktop" is already unchecked
[CHECKBOX] Unchecking node "Notes"
[CHECKBOX] Checking if node "Notes" is checked
[CHECKBOX] Node "Notes" is unchecked
[CHECKBOX] Node "Notes" is already unchecked
[CHECKBOX] Unchecking node "Commands"
[CHECKBOX] Checking if node "Commands" is checked
[CHECKBOX] Node "Commands" is unchecked
[CHECKBOX] Node "Commands" is already unchecked
[CHECKBOX] Unchecking node "Documents"
[CHECKBOX] Checking if node "Documents" is checked
[CHECKBOX] Node "Documents" is unchecked
[CHECKBOX] Node "Documents" is already unchecked
[CHECKBOX] Unchecking node "WorkSpace"
[CHECKBOX] Checking if node "WorkSpace" is checked
[CHECKBOX] Node "WorkSpace" is unchecked
[CHECKBOX] Node "WorkSpace" is already unchecked
[CHECKBOX] Unchecking node "React"
[CHECKBOX] Checking if node "React" is checked
[CHECKBOX] Node "React" is unchecked
[CHECKBOX] Node "React" is already unchecked
[CHECKBOX] Unchecking node "Angular"
[CHECKBOX] Checking if node "Angular" is checked
[CHECKBOX] Node "Angular" is unchecked
[CHECKBOX] Node "Angular" is already unchecked
[CHECKBOX] Unchecking node "Veu"
[CHECKBOX] Checking if node "Veu" is checked
[CHECKBOX] Node "Veu" is unchecked
[CHECKBOX] Node "Veu" is already unchecked
[CHECKBOX] Unchecking node "Office"
[CHECKBOX] Checking if node "Office" is checked
[CHECKBOX] Node "Office" is unchecked
[CHECKBOX] Node "Office" is already unchecked
[CHECKBOX] Unchecking node "Public"
[CHECKBOX] Checking if node "Public" is checked
[CHECKBOX] Node "Public" is unchecked
[CHECKBOX] Node "Public" is already unchecked
[CHECKBOX] Unchecking node "Private"
[CHECKBOX] Checking if node "Private" is checked
[CHECKBOX] Node "Private" is unchecked
[CHECKBOX] Node "Private" is already unchecked
[CHECKBOX] Unchecking node "Classified"
[CHECKBOX] Checking if node "Classified" is checked
[CHECKBOX] Node "Classified" is unchecked
[CHECKBOX] Node "Classified" is already unchecked
[CHECKBOX] Unchecking node "General"
[CHECKBOX] Checking if node "General" is checked
[CHECKBOX] Node "General" is unchecked
[CHECKBOX] Node "General" is already unchecked
[CHECKBOX] Unchecking node "Downloads"
[CHECKBOX] Checking if node "Downloads" is checked
[CHECKBOX] Node "Downloads" is unchecked
[CHECKBOX] Node "Downloads" is already unchecked
[CHECKBOX] Unchecking node "Word File.doc"
[CHECKBOX] Checking if node "Word File.doc" is checked
[CHECKBOX] Node "Word File.doc" is unchecked
[CHECKBOX] Node "Word File.doc" is already unchecked
[CHECKBOX] Unchecking node "Excel File.doc"
[CHECKBOX] Checking if node "Excel File.doc" is checked
[CHECKBOX] Node "Excel File.doc" is unchecked
[CHECKBOX] Node "Excel File.doc" is already unchecked
[CHECKBOX] All selections cleared
[CHECKBOX] Getting list of checked nodes
[CHECKBOX] 0 nodes are checked: 
[TEST10] After clear: 0 nodes checked
[TEST10] ✓ Clear all selections works correctly
]]>
</system-out>
</testcase>
<testcase name="CHECKBOX: Hierarchical tree selection with parent-child relationships › test11 - STATE: get node info with all properties" classname="checkBoxes.spec.ts" time="3.276">
<system-out>
<![CDATA[[TEST11] Getting detailed node information
[CHECKBOX] Expanding all tree nodes
[CHECKBOX] All nodes expanded
[CHECKBOX] Checking node "Desktop"
[CHECKBOX] Checking if node "Desktop" is checked
[CHECKBOX] Node "Desktop" is unchecked
[CHECKBOX] Node "Desktop" checked
[CHECKBOX] Getting detailed info for node "Desktop"
[TEST11] Node info for "Desktop": {"label":"Desktop","checked":true,"expanded":true,"hasChildren":true}
[TEST11] ✓ Node info retrieved successfully
]]>
</system-out>
</testcase>
<testcase name="CHECKBOX: Hierarchical tree selection with parent-child relationships › test12 - STATE: verify has selected nodes after selection" classname="checkBoxes.spec.ts" time="4.514">
<system-out>
<![CDATA[[TEST12] Checking if tree has selected nodes
[CHECKBOX] Expanding all tree nodes
[CHECKBOX] All nodes expanded
[CHECKBOX] Clearing all selections
[CHECKBOX] Getting list of checked nodes
[CHECKBOX] 3 nodes are checked: Desktop, Notes, Commands
[CHECKBOX] Unchecking node "Desktop"
[CHECKBOX] Checking if node "Desktop" is checked
[CHECKBOX] Node "Desktop" is checked
[CHECKBOX] Node "Desktop" unchecked
[CHECKBOX] Unchecking node "Notes"
[CHECKBOX] Checking if node "Notes" is checked
[CHECKBOX] Node "Notes" is unchecked
[CHECKBOX] Node "Notes" is already unchecked
[CHECKBOX] Unchecking node "Commands"
[CHECKBOX] Checking if node "Commands" is checked
[CHECKBOX] Node "Commands" is unchecked
[CHECKBOX] Node "Commands" is already unchecked
[CHECKBOX] All selections cleared
[CHECKBOX] Getting list of checked nodes
[CHECKBOX] 0 nodes are checked: 
[TEST12] Initial state - has selected nodes: false
[TEST12] Checking a node
[CHECKBOX] Checking node "Desktop"
[CHECKBOX] Checking if node "Desktop" is checked
[CHECKBOX] Node "Desktop" is unchecked
[CHECKBOX] Node "Desktop" checked
[CHECKBOX] Getting list of checked nodes
[CHECKBOX] 3 nodes are checked: Desktop, Notes, Commands
[TEST12] After checking - has selected nodes: true
[TEST12] ✓ Selected nodes state verified correctly
]]>
</system-out>
</testcase>
<testcase name="CHECKBOX: Hierarchical tree selection with parent-child relationships › test13 - TREE: recursively collect branches and node information" classname="checkBoxes.spec.ts" time="4.508">
<system-out>
<![CDATA[[TEST13] Recursively validating tree branches and node information
[CHECKBOX] Expanding all tree nodes
[CHECKBOX] All nodes expanded
[CHECKBOX] Clearing all selections
[CHECKBOX] Getting list of checked nodes
[CHECKBOX] 3 nodes are checked: Desktop, Notes, Commands
[CHECKBOX] Unchecking node "Desktop"
[CHECKBOX] Checking if node "Desktop" is checked
[CHECKBOX] Node "Desktop" is checked
[CHECKBOX] Node "Desktop" unchecked
[CHECKBOX] Unchecking node "Notes"
[CHECKBOX] Checking if node "Notes" is checked
[CHECKBOX] Node "Notes" is unchecked
[CHECKBOX] Node "Notes" is already unchecked
[CHECKBOX] Unchecking node "Commands"
[CHECKBOX] Checking if node "Commands" is checked
[CHECKBOX] Node "Commands" is unchecked
[CHECKBOX] Node "Commands" is already unchecked
[CHECKBOX] All selections cleared
[TEST13] Collecting the complete tree hierarchy
[CHECKBOX] Recursively retrieving tree hierarchy
[CHECKBOX] Recursively found 1 root nodes
[TEST13] Validating every expected branch recursively
[TEST13] ✓ Recursive tree traversal completed successfully
[TEARDOWN] Closing browser context
]]>
</system-out>
</testcase>
</testsuite>
</testsuites>