<testsuites id="" name="" tests="2" failures="0" skipped="0" errors="0" time="38.19918400001526">
<testsuite name="webTables.spec.ts" timestamp="2026-08-24T19:17:46.581Z" hostname="chrome" tests="2" failures="0" skipped="0" time="28.744" errors="0">
<testcase name="WEB TABLES: table controls and record management › test3 - MASSIVE RECORD: bulk loads 40 records and validates the total count" classname="webTables.spec.ts" time="15.166">
<system-out>
<![CDATA[[SETUP] Starting browser context for web tables tests
[SETUP] Navigating to the Web Tables page
[TEST3] Counting pre-existing records before the bulk load
[TEST3] Records found before bulk load: 3
[TEST3] Generated 40 records for the bulk load
[TEST3] Submitting every generated record through the Add flow
[TEST3] Bulk load finished
[TEST3] Counting total records after the bulk load
[TEST3] Records found after bulk load: 43 (expected 3 + 40 = 43)
[TEST3] Next button is disabled because all rows fit on a single page (50 rows max)
[TEST3] ✓ Bulk load completed and total record count verified successfully
]]>
</system-out>
</testcase>
<testcase name="WEB TABLES: table controls and record management › test4 - PAGINATION: validates selector options and page navigation buttons" classname="webTables.spec.ts" time="13.578">
<system-out>
<![CDATA[[TEST4] Starting pagination validation after the TEST3 bulk load
[TEST4] Scrolling down to the pagination selector
[TEST4] Default rows-per-page value found: 50
[TEST4] Total rows available for pagination: 43
[TEST4] Validating initial button state at 50 rows per page
[TEST4] Validating selector option: 50 rows per page
[TEST4] Selector value 50: 43 / 50 = 1 | current page summary 1 of 1
[TEST4] Validating selector option: 40 rows per page
[TEST4] Selector value 40: 43 / 40 = 2 | current page summary 1 of 2
[TEST4] Validating selector option: 30 rows per page
[TEST4] Selector value 30: 43 / 30 = 2 | current page summary 1 of 2
[TEST4] Validating selector option: 20 rows per page
[TEST4] Selector value 20: 43 / 20 = 3 | current page summary 1 of 3
[TEST4] Validating selector option: 10 rows per page
[TEST4] Selector value 10: 43 / 10 = 5 | current page summary 1 of 5
[TEST4] Finished selector validation at 10 rows per page; now validating page navigation buttons
[TEST4] Validating page 1 button state before navigation
[TEST4] Clicking Next
[TEST4] After clicking Next: page summary is 2 of 5
[TEST4] Clicking Last
[TEST4] After clicking Last: page summary is 5 of 5
[TEST4] Clicking First
[TEST4] After clicking First: page summary is 1 of 5
[TEST4] Validating Previous remains disabled on page 1
[TEST4] ✓ Selector values and pagination buttons verified successfully
[TEARDOWN] Closing browser context
]]>
</system-out>
</testcase>
</testsuite>
</testsuites>