<testsuites id="" name="" tests="1" failures="0" skipped="0" errors="1" time="8.478257000000216">
<testsuite name="webTables.spec.ts" timestamp="2026-08-21T14:25:28.751Z" hostname="chrome" tests="1" failures="0" skipped="0" time="0" errors="1">
<testcase name="WEB TABLES: table controls and record management › test1 - ADD BUTTON: opens registration form modal with correct fields" classname="webTables.spec.ts" time="0">
<system-out>
<![CDATA[[SETUP] Starting browser context for web tables tests
[SETUP] Navigating to the Web Tables page
[TEARDOWN] Closing browser context

[[ATTACHMENT|..\test-results\all-tests\index-test1\webTables-WEB-TABLES-table-902bb-m-modal-with-correct-fields-chrome\error-context.md]]

[[ATTACHMENT|..\test-results\all-tests\index-test1\webTables-WEB-TABLES-table-902bb-m-modal-with-correct-fields-chrome\error-context.md]]
]]>
</system-out>
<error message="page.goto: Target page, context or browser has been closed" type="Error">
<![CDATA[  [chrome] › webTables.spec.ts:44:7 › WEB TABLES: table controls and record management › test1 - ADD BUTTON: opens registration form modal with correct fields 

    Error: page.goto: Target page, context or browser has been closed
    Call log:
      - navigating to "https://demoqa.com/webtables", waiting until "domcontentloaded"


       at ..\pageObjects\WebTablesPage.ts:48

      46 |   // Navigates to the Web Tables page.
      47 |   async navigate(): Promise<void> {
    > 48 |     await this.page.goto('/webtables', { waitUntil: 'domcontentloaded' });
         |                     ^
      49 |   }
      50 |
      51 |   // Opens the registration form modal via the Add button.
        at WebTablesPage.navigate (C:\DemoQA-Playwright\pageObjects\WebTablesPage.ts:48:21)
        at C:\DemoQA-Playwright\tests\webTables.spec.ts:24:25

    Error Context: ..\test-results\all-tests\index-test1\webTables-WEB-TABLES-table-902bb-m-modal-with-correct-fields-chrome\error-context.md

    Error Context: ..\test-results\all-tests\index-test1\webTables-WEB-TABLES-table-902bb-m-modal-with-correct-fields-chrome\error-context.md
]]>
</error>
</testcase>
</testsuite>
</testsuites>